<?xml version="1.0" encoding="UTF-8"?>
<testsuite xmlns:xsi="http://www.w3.org/2001/XMLSchema-instance" xsi:noNamespaceSchemaLocation="https://maven.apache.org/surefire/maven-surefire-plugin/xsd/surefire-test-report.xsd" name="runner.TestRunner" time="8.808" tests="21" errors="0" skipped="0" failures="5">
  <properties>
[...]
</properties>
  <testcase name="Get list of all car build dates #1" classname="Get list of car build dates for given manufacture and main types" time="3.913"/>
  <testcase name="Get list of all car build dates #2" classname="Get list of car build dates for given manufacture and main types" time="0.301"/>
  <testcase name="Get list of car build dates with valid token manufacturer code and without locale" classname="Get list of car build dates for given manufacture and main types" time="0.272"/>
  <testcase name="Json schema validation for build date api" classname="Get list of car build dates for given manufacture and main types" time="1.18">
    <failure message="1 expectation failed.&#10;Response body doesn&apos;t match expectation.&#10;Expected: The content to match the given JSON schema.&#10;error: object has missing required properties ([&quot;page&quot;,&quot;pageSize&quot;,&quot;totalPageCount&quot;])&#10;    level: &quot;error&quot;&#10;    schema: {&quot;loadingURI&quot;:&quot;file:/C:/Users/Trupti/IdeaProjects/API/target/test-classes/response_json_schema.json#&quot;,&quot;pointer&quot;:&quot;&quot;}&#10;    instance: {&quot;pointer&quot;:&quot;&quot;}&#10;    domain: &quot;validation&quot;&#10;    keyword: &quot;required&quot;&#10;    required: [&quot;page&quot;,&quot;pageSize&quot;,&quot;totalPageCount&quot;,&quot;wkda&quot;]&#10;    missing: [&quot;page&quot;,&quot;pageSize&quot;,&quot;totalPageCount&quot;]&#10;&#10;  Actual: {&quot;wkda&quot;:{&quot;2016&quot;:&quot;2016&quot;,&quot;2017&quot;:&quot;2017&quot;,&quot;2018&quot;:&quot;2018&quot;,&quot;2019&quot;:&quot;2019&quot;}}&#10;" type="java.lang.AssertionError">java.lang.AssertionError: 
1 expectation failed.
Response body doesn't match expectation.
Expected: The content to match the given JSON schema.
error: object has missing required properties (["page","pageSize","totalPageCount"])
    level: "error"
    schema: {"loadingURI":"file:/C:/Users/Trupti/IdeaProjects/API/target/test-classes/response_json_schema.json#","pointer":""}
    instance: {"pointer":""}
    domain: "validation"
    keyword: "required"
    required: ["page","pageSize","totalPageCount","wkda"]
    missing: ["page","pageSize","totalPageCount"]

  Actual: {"wkda":{"2016":"2016","2017":"2017","2018":"2018","2019":"2019"}}

</failure>
  </testcase>
  <testcase name="user should not get car build date details without key" classname="Verify errors for car build dates api" time="0.25">
    <failure message="error message is expected but not found " type="java.lang.AssertionError">java.lang.AssertionError: error message is expected but not found 
</failure>
  </testcase>
  <testcase name="user should not get car build date details with invalid key" classname="Verify errors for car build dates api" time="0.11">
    <failure message="error message is expected but not found " type="java.lang.AssertionError">java.lang.AssertionError: error message is expected but not found 
</failure>
  </testcase>
  <testcase name="user should not get car build date details with invalid locale" classname="Verify errors for car build dates api" time="0.062"/>
  <testcase name="Get list of car main-types with valid token and locale as GB #1" classname="Get list of main types for given manufacture" time="0.19"/>
  <testcase name="Get list of car main-types with valid token and locale as GB #2" classname="Get list of main types for given manufacture" time="0.168"/>
  <testcase name="Get list of car main types with valid token manufacturer code and without locale" classname="Get list of main types for given manufacture" time="0.172"/>
  <testcase name="Json schema validation for main types api" classname="Get list of main types for given manufacture" time="0.188"/>
  <testcase name="user should not get car main types list without key" classname="Verify errors for car main types api" time="0.156"/>
  <testcase name="user should not get car main types list with invalid key" classname="Verify errors for car main types api" time="0.182">
    <failure message="error message is expected but not found " type="java.lang.AssertionError">java.lang.AssertionError: error message is expected but not found 
</failure>
  </testcase>
  <testcase name="user should not get car main types list with invalid locale" classname="Verify errors for car main types api" time="0.216"/>
  <testcase name="Get list of car manufacturers with valid token and locale as GB #1" classname="Get list of car manufacture" time="0.084"/>
  <testcase name="Get list of car manufacturers with valid token and locale as GB #2" classname="Get list of car manufacture" time="0.104"/>
  <testcase name="Get list of car manufacturers with valid token and without locale" classname="Get list of car manufacture" time="0.072"/>
  <testcase name="Json schema validation for manufacturer api" classname="Get list of car manufacture" time="0.08"/>
  <testcase name="user should not get manufacturer list without key" classname="Verify errors for car manufacturer api" time="0.08"/>
  <testcase name="user should not get manufacturer list with invalid key" classname="Verify errors for car manufacturer api" time="0.064">
    <failure message="expected:&lt;403&gt; but was:&lt;401&gt;" type="java.lang.AssertionError"><![CDATA[java.lang.AssertionError: expected:<403> but was:<401>
]]></failure>
  </testcase>
  <testcase name="user should not get manufacturer list with invalid locale" classname="Verify errors for car manufacturer api" time="0.064"/>
</testsuite>